
245250 : 0x2036486edada14 : 2 : ittapi_config_mask_get :  --itt-config mask to be applied: 17
245250 : 0x2036486edc854d : 2 : ittapi_config_apply_per_lib :  ITTAPI function instrumented: __itt_domain_create
245250 : 0x2036486edcb926 : 2 : ittapi_config_apply_per_lib :  ITTAPI function instrumented: __itt_string_handle_create
245250 : 0x2036486edcdfb1 : 2 : ittapi_config_apply_per_lib :  ITTAPI function instrumented: __itt_pause
245250 : 0x2036486edd00e7 : 2 : ittapi_config_apply_per_lib :  ITTAPI function instrumented: __itt_resume
245250 : 0x2036486edd243f : 2 : ittapi_config_apply_per_lib :  ITTAPI function instrumented: __itt_thread_set_name
245250 : 0x2036486edd44e6 : 2 : ittapi_config_apply_per_lib :  ITTAPI function instrumented: __itt_thread_ignore
245250 : 0x2036486edd6489 : 2 : ittapi_config_apply_per_lib :  ITTAPI function instrumented: __itt_thr_name_set
245250 : 0x2036486edd812d : 2 : ittapi_config_apply_per_lib :  ITTAPI function instrumented: __itt_thr_ignore
245250 : 0x2036486eddb665 : 2 : ittapi_config_apply_per_lib :  ITTAPI function not implemented: __itt_enable_attach
245250 : 0x2036486ee3634c : 2 : ittapi_config_apply_per_lib :  ITTAPI function NOT instrumented (not matched by --itt-config option): __itt_sync_create

245250 : 0x2036486ee39e75 : 2 : ittapi_config_apply_per_lib :  ITTAPI function NOT instrumented (not matched by --itt-config option): __itt_sync_rename

245250 : 0x2036486ee3b3c9 : 2 : ittapi_config_apply_per_lib :  ITTAPI function NOT instrumented (not matched by --itt-config option): __itt_sync_destroy

245250 : 0x2036486ee3c7a4 : 2 : ittapi_config_apply_per_lib :  ITTAPI function NOT instrumented (not matched by --itt-config option): __itt_sync_prepare

245250 : 0x2036486ee3daa2 : 2 : ittapi_config_apply_per_lib :  ITTAPI function NOT instrumented (not matched by --itt-config option): __itt_sync_cancel

245250 : 0x2036486ee3ec8f : 2 : ittapi_config_apply_per_lib :  ITTAPI function NOT instrumented (not matched by --itt-config option): __itt_sync_acquired

245250 : 0x2036486ee3fd92 : 2 : ittapi_config_apply_per_lib :  ITTAPI function NOT instrumented (not matched by --itt-config option): __itt_sync_releasing

245250 : 0x2036486ee46802 : 2 : ittapi_config_apply_per_lib :  ITTAPI function not implemented: __itt_suppress_push
245250 : 0x2036486ee49ec0 : 2 : ittapi_config_apply_per_lib :  ITTAPI function not implemented: __itt_suppress_pop
245250 : 0x2036486ee4c8b2 : 2 : ittapi_config_apply_per_lib :  ITTAPI function not implemented: __itt_suppress_mark_range
245250 : 0x2036486ee5c596 : 2 : ittapi_config_apply_per_lib :  ITTAPI function not implemented: __itt_suppress_clear_range
245250 : 0x2036486ee5eb6b : 2 : ittapi_config_apply_per_lib :  ITTAPI function NOT instrumented (not matched by --itt-config option): __itt_sync_prepare

245250 : 0x2036486ee5ff46 : 2 : ittapi_config_apply_per_lib :  ITTAPI function NOT instrumented (not matched by --itt-config option): __itt_sync_cancel

245250 : 0x2036486ee61210 : 2 : ittapi_config_apply_per_lib :  ITTAPI function NOT instrumented (not matched by --itt-config option): __itt_sync_acquired

245250 : 0x2036486ee62361 : 2 : ittapi_config_apply_per_lib :  ITTAPI function NOT instrumented (not matched by --itt-config option): __itt_sync_releasing

245250 : 0x2036486ee648a7 : 2 : ittapi_config_apply_per_lib :  ITTAPI function not implemented: __itt_model_site_begin
245250 : 0x2036486ee6717b : 2 : ittapi_config_apply_per_lib :  ITTAPI function not implemented: __itt_model_site_end
245250 : 0x2036486ee69aaa : 2 : ittapi_config_apply_per_lib :  ITTAPI function not implemented: __itt_model_task_begin
245250 : 0x2036486ee6c4b6 : 2 : ittapi_config_apply_per_lib :  ITTAPI function not implemented: __itt_model_task_end
245250 : 0x2036486ee6ec52 : 2 : ittapi_config_apply_per_lib :  ITTAPI function not implemented: __itt_model_lock_acquire
245250 : 0x2036486ee7bb00 : 2 : ittapi_config_apply_per_lib :  ITTAPI function not implemented: __itt_model_lock_release
245250 : 0x2036486ee7f0ba : 2 : ittapi_config_apply_per_lib :  ITTAPI function not implemented: __itt_model_record_allocation
245250 : 0x2036486ee81a2a : 2 : ittapi_config_apply_per_lib :  ITTAPI function not implemented: __itt_model_record_deallocation
245250 : 0x2036486ee8415e : 2 : ittapi_config_apply_per_lib :  ITTAPI function not implemented: __itt_model_induction_uses
245250 : 0x2036486ee86781 : 2 : ittapi_config_apply_per_lib :  ITTAPI function not implemented: __itt_model_reduction_uses
245250 : 0x2036486ee88f51 : 2 : ittapi_config_apply_per_lib :  ITTAPI function not implemented: __itt_model_observe_uses
245250 : 0x2036486ee8b7d7 : 2 : ittapi_config_apply_per_lib :  ITTAPI function not implemented: __itt_model_clear_uses
245250 : 0x2036486ee8e47a : 2 : ittapi_config_apply_per_lib :  ITTAPI function not implemented: __itt_model_site_beginA
245250 : 0x2036486ee95647 : 2 : ittapi_config_apply_per_lib :  ITTAPI function not implemented: __itt_model_site_beginAL
245250 : 0x2036486ee986d3 : 2 : ittapi_config_apply_per_lib :  ITTAPI function not implemented: __itt_model_task_beginA
245250 : 0x2036486eeaeada : 2 : ittapi_config_apply_per_lib :  ITTAPI function not implemented: __itt_model_task_beginAL
245250 : 0x2036486eeb243c : 2 : ittapi_config_apply_per_lib :  ITTAPI function not implemented: __itt_model_iteration_taskA
245250 : 0x2036486eeb4db9 : 2 : ittapi_config_apply_per_lib :  ITTAPI function not implemented: __itt_model_iteration_taskAL
245250 : 0x2036486eeb752e : 2 : ittapi_config_apply_per_lib :  ITTAPI function not implemented: __itt_model_site_end_2
245250 : 0x2036486eeb9970 : 2 : ittapi_config_apply_per_lib :  ITTAPI function not implemented: __itt_model_task_end_2
245250 : 0x2036486eebc36f : 2 : ittapi_config_apply_per_lib :  ITTAPI function not implemented: __itt_model_lock_acquire_2
245250 : 0x2036486eebeb59 : 2 : ittapi_config_apply_per_lib :  ITTAPI function not implemented: __itt_model_lock_release_2
245250 : 0x2036486eec123f : 2 : ittapi_config_apply_per_lib :  ITTAPI function not implemented: __itt_model_aggregate_task
245250 : 0x2036486eec398d : 2 : ittapi_config_apply_per_lib :  ITTAPI function not implemented: __itt_model_disable_push
245250 : 0x2036486eec60ce : 2 : ittapi_config_apply_per_lib :  ITTAPI function not implemented: __itt_model_disable_pop
245250 : 0x2036486eed19c0 : 2 : ittapi_config_apply_per_lib :  ITTAPI function instrumented: __itt_heap_function_create
245250 : 0x2036486eed4608 : 2 : ittapi_config_apply_per_lib :  ITTAPI function instrumented: __itt_heap_allocate_begin
245250 : 0x2036486eed6292 : 2 : ittapi_config_apply_per_lib :  ITTAPI function instrumented: __itt_heap_allocate_end
245250 : 0x2036486eed7ff9 : 2 : ittapi_config_apply_per_lib :  ITTAPI function instrumented: __itt_heap_free_begin
245250 : 0x2036486eed9ad6 : 2 : ittapi_config_apply_per_lib :  ITTAPI function instrumented: __itt_heap_free_end
245250 : 0x2036486eedb6de : 2 : ittapi_config_apply_per_lib :  ITTAPI function instrumented: __itt_heap_reallocate_begin
245250 : 0x2036486eedd3f7 : 2 : ittapi_config_apply_per_lib :  ITTAPI function instrumented: __itt_heap_reallocate_end
245250 : 0x2036486eedfd67 : 2 : ittapi_config_apply_per_lib :  ITTAPI function not implemented: __itt_heap_internal_access_begin
245250 : 0x2036486eee26fe : 2 : ittapi_config_apply_per_lib :  ITTAPI function not implemented: __itt_heap_internal_access_end
245250 : 0x2036486eee5201 : 2 : ittapi_config_apply_per_lib :  ITTAPI function not implemented: __itt_heap_record_memory_growth_begin
245250 : 0x2036486eef040b : 2 : ittapi_config_apply_per_lib :  ITTAPI function not implemented: __itt_heap_record_memory_growth_end
245250 : 0x2036486eef3ac9 : 2 : ittapi_config_apply_per_lib :  ITTAPI function not implemented: __itt_heap_reset_detection
245250 : 0x2036486eef61d6 : 2 : ittapi_config_apply_per_lib :  ITTAPI function not implemented: __itt_heap_record
245250 : 0x2036486eef8666 : 2 : ittapi_config_apply_per_lib :  ITTAPI function not implemented: __itt_id_create
245250 : 0x2036486ef01093 : 2 : ittapi_config_apply_per_lib :  ITTAPI function not implemented: __itt_id_destroy
245250 : 0x2036486ef03f7f : 2 : ittapi_config_apply_per_lib :  ITTAPI function instrumented: __itt_get_timestamp
245250 : 0x2036486ef062bd : 2 : ittapi_config_apply_per_lib :  ITTAPI function not implemented: __itt_region_begin
245250 : 0x2036486ef0875a : 2 : ittapi_config_apply_per_lib :  ITTAPI function not implemented: __itt_region_end
245250 : 0x2036486ef0a765 : 2 : ittapi_config_apply_per_lib :  ITTAPI function instrumented: __itt_frame_begin_v3
245250 : 0x2036486ef0c534 : 2 : ittapi_config_apply_per_lib :  ITTAPI function instrumented: __itt_frame_end_v3
245250 : 0x2036486ef20665 : 2 : ittapi_config_apply_per_lib :  ITTAPI function instrumented: __itt_frame_submit_v3
245250 : 0x2036486ef22ab4 : 2 : ittapi_config_apply_per_lib :  ITTAPI function NOT instrumented (not matched by --itt-config option): __itt_task_group

245250 : 0x2036486ef23dcc : 2 : ittapi_config_apply_per_lib :  ITTAPI function NOT instrumented (not matched by --itt-config option): __itt_task_begin

245250 : 0x2036486ef24f5e : 2 : ittapi_config_apply_per_lib :  ITTAPI function NOT instrumented (not matched by --itt-config option): __itt_task_begin_fn

245250 : 0x2036486ef260f0 : 2 : ittapi_config_apply_per_lib :  ITTAPI function NOT instrumented (not matched by --itt-config option): __itt_task_end

245250 : 0x2036486ef27408 : 2 : ittapi_config_apply_per_lib :  ITTAPI function NOT instrumented (not matched by --itt-config option): __itt_counter_inc_v3

245250 : 0x2036486ef2861c : 2 : ittapi_config_apply_per_lib :  ITTAPI function NOT instrumented (not matched by --itt-config option): __itt_counter_inc_delta_v3

245250 : 0x2036486ef2a9f6 : 2 : ittapi_config_apply_per_lib :  ITTAPI function not implemented: __itt_marker
245250 : 0x2036486ef2ccf3 : 2 : ittapi_config_apply_per_lib :  ITTAPI function instrumented: __itt_metadata_add
245250 : 0x2036486ef2f330 : 2 : ittapi_config_apply_per_lib :  ITTAPI function not implemented: __itt_metadata_str_add
245250 : 0x2036486ef3ae37 : 2 : ittapi_config_apply_per_lib :  ITTAPI function not implemented: __itt_relation_add_to_current
245250 : 0x2036486ef3e40b : 2 : ittapi_config_apply_per_lib :  ITTAPI function not implemented: __itt_relation_add
245250 : 0x2036486ef404a5 : 2 : ittapi_config_apply_per_lib :  ITTAPI function instrumented: __itt_event_create
245250 : 0x2036486ef41991 : 2 : ittapi_config_apply_per_lib :  ITTAPI function NOT instrumented (not matched by --itt-config option): __itt_event_start

245250 : 0x2036486ef42b3d : 2 : ittapi_config_apply_per_lib :  ITTAPI function NOT instrumented (not matched by --itt-config option): __itt_event_end

245250 : 0x2036486ef43c9b : 2 : ittapi_config_apply_per_lib :  ITTAPI function NOT instrumented (not matched by --itt-config option): __itt_sync_set_name

245250 : 0x2036486ef44df9 : 2 : ittapi_config_apply_per_lib :  ITTAPI function NOT instrumented (not matched by --itt-config option): __itt_notify_sync_name

245250 : 0x2036486ef45f98 : 2 : ittapi_config_apply_per_lib :  ITTAPI function NOT instrumented (not matched by --itt-config option): __itt_notify_sync_prepare

245250 : 0x2036486ef4712a : 2 : ittapi_config_apply_per_lib :  ITTAPI function NOT instrumented (not matched by --itt-config option): __itt_notify_sync_cancel

245250 : 0x2036486ef482c9 : 2 : ittapi_config_apply_per_lib :  ITTAPI function NOT instrumented (not matched by --itt-config option): __itt_notify_sync_acquired

245250 : 0x2036486ef5141f : 2 : ittapi_config_apply_per_lib :  ITTAPI function NOT instrumented (not matched by --itt-config option): __itt_notify_sync_releasing

245250 : 0x2036486ef54fca : 2 : ittapi_config_apply_per_lib :  ITTAPI function not implemented: __itt_memory_read
245250 : 0x2036486ef5767c : 2 : ittapi_config_apply_per_lib :  ITTAPI function not implemented: __itt_memory_write
245250 : 0x2036486ef59edb : 2 : ittapi_config_apply_per_lib :  ITTAPI function not implemented: __itt_memory_update
245250 : 0x2036486ef5ca39 : 2 : ittapi_config_apply_per_lib :  ITTAPI function not implemented: __itt_state_get
245250 : 0x2036486ef5ef72 : 2 : ittapi_config_apply_per_lib :  ITTAPI function not implemented: __itt_state_set
245250 : 0x2036486ef613f5 : 2 : ittapi_config_apply_per_lib :  ITTAPI function not implemented: __itt_obj_mode_set
245250 : 0x2036486ef638b9 : 2 : ittapi_config_apply_per_lib :  ITTAPI function not implemented: __itt_thr_mode_set
245250 : 0x2036486ef6580e : 2 : ittapi_config_apply_per_lib :  ITTAPI function instrumented: __itt_frame_create
245250 : 0x2036486ef674b2 : 2 : ittapi_config_apply_per_lib :  ITTAPI function instrumented: __itt_frame_begin
245250 : 0x2036486ef75e98 : 2 : ittapi_config_apply_per_lib :  ITTAPI function instrumented: __itt_frame_end
245250 : 0x2036486ef788be : 2 : ittapi_config_apply_per_lib :  ITTAPI function instrumented: __itt_counter_create
245250 : 0x2036486ef79dc4 : 2 : ittapi_config_apply_per_lib :  ITTAPI function NOT instrumented (not matched by --itt-config option): __itt_counter_destroy

245250 : 0x2036486ef7b09b : 2 : ittapi_config_apply_per_lib :  ITTAPI function NOT instrumented (not matched by --itt-config option): __itt_counter_inc

245250 : 0x2036486ef7c37f : 2 : ittapi_config_apply_per_lib :  ITTAPI function NOT instrumented (not matched by --itt-config option): __itt_counter_inc_delta

245250 : 0x2036486ef7e59f : 2 : ittapi_config_apply_per_lib :  ITTAPI function not implemented: __itt_mark_create
245250 : 0x2036486ef80c78 : 2 : ittapi_config_apply_per_lib :  ITTAPI function not implemented: __itt_mark
245250 : 0x2036486ef833e0 : 2 : ittapi_config_apply_per_lib :  ITTAPI function not implemented: __itt_mark_off
245250 : 0x2036486ef859b5 : 2 : ittapi_config_apply_per_lib :  ITTAPI function not implemented: __itt_mark_global
245250 : 0x2036486ef88248 : 2 : ittapi_config_apply_per_lib :  ITTAPI function not implemented: __itt_mark_global_off
245250 : 0x2036486ef93153 : 2 : ittapi_config_apply_per_lib :  ITTAPI function instrumented: __itt_stack_caller_create
245250 : 0x2036486ef95d81 : 2 : ittapi_config_apply_per_lib :  ITTAPI function instrumented: __itt_stack_caller_destroy
245250 : 0x2036486ef97bab : 2 : ittapi_config_apply_per_lib :  ITTAPI function instrumented: __itt_stack_callee_enter
245250 : 0x2036486ef99828 : 2 : ittapi_config_apply_per_lib :  ITTAPI function instrumented: __itt_stack_callee_leave
245250 : 0x2036486ef9beb3 : 2 : ittapi_config_apply_per_lib :  ITTAPI function not implemented: __itt_clock_domain_create
245250 : 0x2036486ef9e7a1 : 2 : ittapi_config_apply_per_lib :  ITTAPI function not implemented: __itt_clock_domain_reset
245250 : 0x2036486efa0e6d : 2 : ittapi_config_apply_per_lib :  ITTAPI function not implemented: __itt_id_create_ex
245250 : 0x2036486efa35a1 : 2 : ittapi_config_apply_per_lib :  ITTAPI function not implemented: __itt_id_destroy_ex
245250 : 0x2036486efa4e0e : 2 : ittapi_config_apply_per_lib :  ITTAPI function NOT instrumented (not matched by --itt-config option): __itt_task_begin_ex

245250 : 0x2036486efa6008 : 2 : ittapi_config_apply_per_lib :  ITTAPI function NOT instrumented (not matched by --itt-config option): __itt_task_begin_fn_ex

245250 : 0x2036486efaf019 : 2 : ittapi_config_apply_per_lib :  ITTAPI function NOT instrumented (not matched by --itt-config option): __itt_task_end_ex

245250 : 0x2036486efb1323 : 2 : ittapi_config_apply_per_lib :  ITTAPI function NOT instrumented (not matched by --itt-config option): __itt_task_begin_overlapped

245250 : 0x2036486efb2433 : 2 : ittapi_config_apply_per_lib :  ITTAPI function NOT instrumented (not matched by --itt-config option): __itt_task_begin_overlapped_ex

245250 : 0x2036486efb34db : 2 : ittapi_config_apply_per_lib :  ITTAPI function NOT instrumented (not matched by --itt-config option): __itt_task_end_overlapped

245250 : 0x2036486efb45b7 : 2 : ittapi_config_apply_per_lib :  ITTAPI function NOT instrumented (not matched by --itt-config option): __itt_task_end_overlapped_ex

245250 : 0x2036486efb74e4 : 2 : ittapi_config_apply_per_lib :  ITTAPI function not implemented: __itt_marker_ex
245250 : 0x2036486efba042 : 2 : ittapi_config_apply_per_lib :  ITTAPI function not implemented: __itt_metadata_add_with_scope
245250 : 0x2036486efbcbee : 2 : ittapi_config_apply_per_lib :  ITTAPI function not implemented: __itt_metadata_str_add_with_scope
245250 : 0x2036486efbf467 : 2 : ittapi_config_apply_per_lib :  ITTAPI function not implemented: __itt_relation_add_to_current_ex
245250 : 0x2036486efc1bb5 : 2 : ittapi_config_apply_per_lib :  ITTAPI function not implemented: __itt_relation_add_ex
245250 : 0x2036486efd1824 : 2 : ittapi_config_apply_per_lib :  ITTAPI function not implemented: __itt_track_group_create
245250 : 0x2036486efd4a77 : 2 : ittapi_config_apply_per_lib :  ITTAPI function not implemented: __itt_track_create
245250 : 0x2036486efd70b4 : 2 : ittapi_config_apply_per_lib :  ITTAPI function not implemented: __itt_set_track
245250 : 0x2036486efd9322 : 2 : ittapi_config_apply_per_lib :  ITTAPI function instrumented: __itt_api_version
245250 : 0x2036486efdb2ec : 2 : ittapi_config_apply_per_lib :  ITTAPI function not implemented: __itt_av_save
245250 : 0x2036486f0c7012 : 2 : ittapi_config_mask_get :  --itt-config mask to be applied: 17
245250 : 0x2036486f0cd894 : 2 : ittapi_config_apply_per_lib :  ITTAPI function instrumented: __itt_domain_create
245250 : 0x2036486f0cf6f2 : 2 : ittapi_config_apply_per_lib :  ITTAPI function instrumented: __itt_string_handle_create
245250 : 0x2036486f0d17c0 : 2 : ittapi_config_apply_per_lib :  ITTAPI function instrumented: __itt_pause
245250 : 0x2036486f0d34e6 : 2 : ittapi_config_apply_per_lib :  ITTAPI function instrumented: __itt_resume
245250 : 0x2036486f0f069d : 2 : ittapi_config_apply_per_lib :  ITTAPI function instrumented: __itt_thread_set_name
245250 : 0x2036486f0f322f : 2 : ittapi_config_apply_per_lib :  ITTAPI function instrumented: __itt_thread_ignore
245250 : 0x2036486f0f5059 : 2 : ittapi_config_apply_per_lib :  ITTAPI function instrumented: __itt_thr_name_set
245250 : 0x2036486f0f6dcd : 2 : ittapi_config_apply_per_lib :  ITTAPI function instrumented: __itt_thr_ignore
245250 : 0x2036486f0fa283 : 2 : ittapi_config_apply_per_lib :  ITTAPI function not implemented: __itt_enable_attach
245250 : 0x2036486f0fc90e : 2 : ittapi_config_apply_per_lib :  ITTAPI function instrumented: __itt_detach
245250 : 0x2036486f0fdfce : 2 : ittapi_config_apply_per_lib :  ITTAPI function NOT instrumented (not matched by --itt-config option): __itt_sync_create

245250 : 0x2036486f0ff2e6 : 2 : ittapi_config_apply_per_lib :  ITTAPI function NOT instrumented (not matched by --itt-config option): __itt_sync_rename

245250 : 0x2036486f100478 : 2 : ittapi_config_apply_per_lib :  ITTAPI function NOT instrumented (not matched by --itt-config option): __itt_sync_destroy

245250 : 0x2036486f101561 : 2 : ittapi_config_apply_per_lib :  ITTAPI function NOT instrumented (not matched by --itt-config option): __itt_sync_prepare

245250 : 0x2036486f10aa1e : 2 : ittapi_config_apply_per_lib :  ITTAPI function NOT instrumented (not matched by --itt-config option): __itt_sync_cancel

245250 : 0x2036486f10cdb7 : 2 : ittapi_config_apply_per_lib :  ITTAPI function NOT instrumented (not matched by --itt-config option): __itt_sync_acquired

245250 : 0x2036486f10e05a : 2 : ittapi_config_apply_per_lib :  ITTAPI function NOT instrumented (not matched by --itt-config option): __itt_sync_releasing

245250 : 0x2036486f110f6d : 2 : ittapi_config_apply_per_lib :  ITTAPI function not implemented: __itt_suppress_push
245250 : 0x2036486f11406e : 2 : ittapi_config_apply_per_lib :  ITTAPI function not implemented: __itt_suppress_pop
245250 : 0x2036486f116983 : 2 : ittapi_config_apply_per_lib :  ITTAPI function not implemented: __itt_suppress_mark_range
245250 : 0x2036486f1198a3 : 2 : ittapi_config_apply_per_lib :  ITTAPI function not implemented: __itt_suppress_clear_range
245250 : 0x2036486f11b137 : 2 : ittapi_config_apply_per_lib :  ITTAPI function NOT instrumented (not matched by --itt-config option): __itt_sync_prepare

245250 : 0x2036486f11c2fd : 2 : ittapi_config_apply_per_lib :  ITTAPI function NOT instrumented (not matched by --itt-config option): __itt_sync_cancel

245250 : 0x2036486f11d49c : 2 : ittapi_config_apply_per_lib :  ITTAPI function NOT instrumented (not matched by --itt-config option): __itt_sync_acquired

245250 : 0x2036486f126a5d : 2 : ittapi_config_apply_per_lib :  ITTAPI function NOT instrumented (not matched by --itt-config option): __itt_sync_releasing

245250 : 0x2036486f12aadb : 2 : ittapi_config_apply_per_lib :  ITTAPI function not implemented: __itt_model_site_begin
245250 : 0x2036486f12d6a1 : 2 : ittapi_config_apply_per_lib :  ITTAPI function not implemented: __itt_model_site_end
245250 : 0x2036486f12fe16 : 2 : ittapi_config_apply_per_lib :  ITTAPI function not implemented: __itt_model_task_begin
245250 : 0x2036486f132752 : 2 : ittapi_config_apply_per_lib :  ITTAPI function not implemented: __itt_model_task_end
245250 : 0x2036486f134c3d : 2 : ittapi_config_apply_per_lib :  ITTAPI function not implemented: __itt_model_lock_acquire
245250 : 0x2036486f13752b : 2 : ittapi_config_apply_per_lib :  ITTAPI function not implemented: __itt_model_lock_release
245250 : 0x2036486f139bd0 : 2 : ittapi_config_apply_per_lib :  ITTAPI function not implemented: __itt_model_record_allocation
245250 : 0x2036486f13c3d4 : 2 : ittapi_config_apply_per_lib :  ITTAPI function not implemented: __itt_model_record_deallocation
245250 : 0x2036486f13eb3c : 2 : ittapi_config_apply_per_lib :  ITTAPI function not implemented: __itt_model_induction_uses
245250 : 0x2036486f152773 : 2 : ittapi_config_apply_per_lib :  ITTAPI function not implemented: __itt_model_reduction_uses
245250 : 0x2036486f155ef4 : 2 : ittapi_config_apply_per_lib :  ITTAPI function not implemented: __itt_model_observe_uses
245250 : 0x2036486f158a1e : 2 : ittapi_config_apply_per_lib :  ITTAPI function not implemented: __itt_model_clear_uses
245250 : 0x2036486f15b52e : 2 : ittapi_config_apply_per_lib :  ITTAPI function not implemented: __itt_model_site_beginA
245250 : 0x2036486f15deb8 : 2 : ittapi_config_apply_per_lib :  ITTAPI function not implemented: __itt_model_site_beginAL
245250 : 0x2036486f16089d : 2 : ittapi_config_apply_per_lib :  ITTAPI function not implemented: __itt_model_task_beginA
245250 : 0x2036486f16321a : 2 : ittapi_config_apply_per_lib :  ITTAPI function not implemented: __itt_model_task_beginAL
245250 : 0x2036486f16594e : 2 : ittapi_config_apply_per_lib :  ITTAPI function not implemented: __itt_model_iteration_taskA
245250 : 0x2036486f168145 : 2 : ittapi_config_apply_per_lib :  ITTAPI function not implemented: __itt_model_iteration_taskAL
245250 : 0x2036486f16a7a9 : 2 : ittapi_config_apply_per_lib :  ITTAPI function not implemented: __itt_model_site_end_2
245250 : 0x2036486f17b180 : 2 : ittapi_config_apply_per_lib :  ITTAPI function not implemented: __itt_model_task_end_2
245250 : 0x2036486f17edba : 2 : ittapi_config_apply_per_lib :  ITTAPI function not implemented: __itt_model_lock_acquire_2
245250 : 0x2036486f181640 : 2 : ittapi_config_apply_per_lib :  ITTAPI function not implemented: __itt_model_lock_release_2
245250 : 0x2036486f183ce5 : 2 : ittapi_config_apply_per_lib :  ITTAPI function not implemented: __itt_model_aggregate_task
245250 : 0x2036486f186315 : 2 : ittapi_config_apply_per_lib :  ITTAPI function not implemented: __itt_model_disable_push
245250 : 0x2036486f1888f7 : 2 : ittapi_config_apply_per_lib :  ITTAPI function not implemented: __itt_model_disable_pop
245250 : 0x2036486f18a977 : 2 : ittapi_config_apply_per_lib :  ITTAPI function instrumented: __itt_heap_function_create
245250 : 0x2036486f18c7e2 : 2 : ittapi_config_apply_per_lib :  ITTAPI function instrumented: __itt_heap_allocate_begin
245250 : 0x2036486f18e486 : 2 : ittapi_config_apply_per_lib :  ITTAPI function instrumented: __itt_heap_allocate_end
245250 : 0x2036486f190074 : 2 : ittapi_config_apply_per_lib :  ITTAPI function instrumented: __itt_heap_free_begin
245250 : 0x2036486f19d221 : 2 : ittapi_config_apply_per_lib :  ITTAPI function instrumented: __itt_heap_free_end
245250 : 0x2036486f19fdda : 2 : ittapi_config_apply_per_lib :  ITTAPI function instrumented: __itt_heap_reallocate_begin
245250 : 0x2036486f1a1ab2 : 2 : ittapi_config_apply_per_lib :  ITTAPI function instrumented: __itt_heap_reallocate_end
245250 : 0x2036486f1a4393 : 2 : ittapi_config_apply_per_lib :  ITTAPI function not implemented: __itt_heap_internal_access_begin
245250 : 0x2036486f1a6d6b : 2 : ittapi_config_apply_per_lib :  ITTAPI function not implemented: __itt_heap_internal_access_end
245250 : 0x2036486f1a96db : 2 : ittapi_config_apply_per_lib :  ITTAPI function not implemented: __itt_heap_record_memory_growth_begin
245250 : 0x2036486f1abe29 : 2 : ittapi_config_apply_per_lib :  ITTAPI function not implemented: __itt_heap_record_memory_growth_end
245250 : 0x2036486f1ae59e : 2 : ittapi_config_apply_per_lib :  ITTAPI function not implemented: __itt_heap_reset_detection
245250 : 0x2036486f1b0b8d : 2 : ittapi_config_apply_per_lib :  ITTAPI function not implemented: __itt_heap_record
245250 : 0x2036486f1b3092 : 2 : ittapi_config_apply_per_lib :  ITTAPI function not implemented: __itt_id_create
245250 : 0x2036486f1c2b54 : 2 : ittapi_config_apply_per_lib :  ITTAPI function not implemented: __itt_id_destroy
245250 : 0x2036486f1c5adc : 2 : ittapi_config_apply_per_lib :  ITTAPI function instrumented: __itt_get_timestamp
245250 : 0x2036486f1c7e68 : 2 : ittapi_config_apply_per_lib :  ITTAPI function not implemented: __itt_region_begin
245250 : 0x2036486f1ca21b : 2 : ittapi_config_apply_per_lib :  ITTAPI function not implemented: __itt_region_end
245250 : 0x2036486f1cc392 : 2 : ittapi_config_apply_per_lib :  ITTAPI function instrumented: __itt_frame_begin_v3
245250 : 0x2036486f1ce195 : 2 : ittapi_config_apply_per_lib :  ITTAPI function instrumented: __itt_frame_end_v3
245250 : 0x2036486f1cff23 : 2 : ittapi_config_apply_per_lib :  ITTAPI function instrumented: __itt_frame_submit_v3
245250 : 0x2036486f1d1450 : 2 : ittapi_config_apply_per_lib :  ITTAPI function NOT instrumented (not matched by --itt-config option): __itt_task_group

245250 : 0x2036486f1d268b : 2 : ittapi_config_apply_per_lib :  ITTAPI function NOT instrumented (not matched by --itt-config option): __itt_task_begin

245250 : 0x2036486f1d375a : 2 : ittapi_config_apply_per_lib :  ITTAPI function NOT instrumented (not matched by --itt-config option): __itt_task_begin_fn

245250 : 0x2036486f1dc94c : 2 : ittapi_config_apply_per_lib :  ITTAPI function NOT instrumented (not matched by --itt-config option): __itt_task_end

245250 : 0x2036486f1ded81 : 2 : ittapi_config_apply_per_lib :  ITTAPI function NOT instrumented (not matched by --itt-config option): __itt_counter_inc_v3

245250 : 0x2036486f1e00f4 : 2 : ittapi_config_apply_per_lib :  ITTAPI function NOT instrumented (not matched by --itt-config option): __itt_counter_inc_delta_v3

245250 : 0x2036486f1e2a4a : 2 : ittapi_config_apply_per_lib :  ITTAPI function not implemented: __itt_marker
245250 : 0x2036486f1e4d13 : 2 : ittapi_config_apply_per_lib :  ITTAPI function instrumented: __itt_metadata_add
245250 : 0x2036486f1e72a7 : 2 : ittapi_config_apply_per_lib :  ITTAPI function not implemented: __itt_metadata_str_add
245250 : 0x2036486f1e9f09 : 2 : ittapi_config_apply_per_lib :  ITTAPI function not implemented: __itt_relation_add_to_current
245250 : 0x2036486f1ec8a0 : 2 : ittapi_config_apply_per_lib :  ITTAPI function not implemented: __itt_relation_add
245250 : 0x2036486f1ee89e : 2 : ittapi_config_apply_per_lib :  ITTAPI function instrumented: __itt_event_create
245250 : 0x2036486f1efda4 : 2 : ittapi_config_apply_per_lib :  ITTAPI function NOT instrumented (not matched by --itt-config option): __itt_event_start

245250 : 0x2036486f1f8e37 : 2 : ittapi_config_apply_per_lib :  ITTAPI function NOT instrumented (not matched by --itt-config option): __itt_event_end

245250 : 0x2036486f1fb11a : 2 : ittapi_config_apply_per_lib :  ITTAPI function NOT instrumented (not matched by --itt-config option): __itt_sync_set_name

245250 : 0x2036486f1fc355 : 2 : ittapi_config_apply_per_lib :  ITTAPI function NOT instrumented (not matched by --itt-config option): __itt_notify_sync_name

245250 : 0x2036486f1fd50e : 2 : ittapi_config_apply_per_lib :  ITTAPI function NOT instrumented (not matched by --itt-config option): __itt_notify_sync_prepare

245250 : 0x2036486f1fe65f : 2 : ittapi_config_apply_per_lib :  ITTAPI function NOT instrumented (not matched by --itt-config option): __itt_notify_sync_cancel

245250 : 0x2036486f1ff84c : 2 : ittapi_config_apply_per_lib :  ITTAPI function NOT instrumented (not matched by --itt-config option): __itt_notify_sync_acquired

245250 : 0x2036486f20095c : 2 : ittapi_config_apply_per_lib :  ITTAPI function NOT instrumented (not matched by --itt-config option): __itt_notify_sync_releasing

245250 : 0x2036486f2031bb : 2 : ittapi_config_apply_per_lib :  ITTAPI function not implemented: __itt_memory_read
245250 : 0x2036486f20582c : 2 : ittapi_config_apply_per_lib :  ITTAPI function not implemented: __itt_memory_write
245250 : 0x2036486f208023 : 2 : ittapi_config_apply_per_lib :  ITTAPI function not implemented: __itt_memory_update
245250 : 0x2036486f2177a5 : 2 : ittapi_config_apply_per_lib :  ITTAPI function not implemented: __itt_state_get
245250 : 0x2036486f21aa53 : 2 : ittapi_config_apply_per_lib :  ITTAPI function not implemented: __itt_state_set
245250 : 0x2036486f21cff4 : 2 : ittapi_config_apply_per_lib :  ITTAPI function not implemented: __itt_obj_mode_set
245250 : 0x2036486f21f520 : 2 : ittapi_config_apply_per_lib :  ITTAPI function not implemented: __itt_thr_mode_set
245250 : 0x2036486f221441 : 2 : ittapi_config_apply_per_lib :  ITTAPI function instrumented: __itt_frame_create
245250 : 0x2036486f2230d8 : 2 : ittapi_config_apply_per_lib :  ITTAPI function instrumented: __itt_frame_begin
245250 : 0x2036486f224c1d : 2 : ittapi_config_apply_per_lib :  ITTAPI function instrumented: __itt_frame_end
245250 : 0x2036486f2266e0 : 2 : ittapi_config_apply_per_lib :  ITTAPI function instrumented: __itt_counter_create
245250 : 0x2036486f227b57 : 2 : ittapi_config_apply_per_lib :  ITTAPI function NOT instrumented (not matched by --itt-config option): __itt_counter_destroy

245250 : 0x2036486f228e48 : 2 : ittapi_config_apply_per_lib :  ITTAPI function NOT instrumented (not matched by --itt-config option): __itt_counter_inc

245250 : 0x2036486f2321e7 : 2 : ittapi_config_apply_per_lib :  ITTAPI function NOT instrumented (not matched by --itt-config option): __itt_counter_inc_delta

245250 : 0x2036486f235a5f : 2 : ittapi_config_apply_per_lib :  ITTAPI function not implemented: __itt_mark_create
245250 : 0x2036486f23811e : 2 : ittapi_config_apply_per_lib :  ITTAPI function not implemented: __itt_mark
245250 : 0x2036486f23a804 : 2 : ittapi_config_apply_per_lib :  ITTAPI function not implemented: __itt_mark_off
245250 : 0x2036486f23cd64 : 2 : ittapi_config_apply_per_lib :  ITTAPI function not implemented: __itt_mark_global
245250 : 0x2036486f23f31f : 2 : ittapi_config_apply_per_lib :  ITTAPI function not implemented: __itt_mark_global_off
245250 : 0x2036486f241b16 : 2 : ittapi_config_apply_per_lib :  ITTAPI function instrumented: __itt_stack_caller_create
245250 : 0x2036486f243aac : 2 : ittapi_config_apply_per_lib :  ITTAPI function instrumented: __itt_stack_caller_destroy
245250 : 0x2036486f2457ec : 2 : ittapi_config_apply_per_lib :  ITTAPI function instrumented: __itt_stack_callee_enter
245250 : 0x2036486f247401 : 2 : ittapi_config_apply_per_lib :  ITTAPI function instrumented: __itt_stack_callee_leave
245250 : 0x2036486f251c99 : 2 : ittapi_config_apply_per_lib :  ITTAPI function not implemented: __itt_clock_domain_create
245250 : 0x2036486f255482 : 2 : ittapi_config_apply_per_lib :  ITTAPI function not implemented: __itt_clock_domain_reset
245250 : 0x2036486f257a7e : 2 : ittapi_config_apply_per_lib :  ITTAPI function not implemented: __itt_id_create_ex
245250 : 0x2036486f25a157 : 2 : ittapi_config_apply_per_lib :  ITTAPI function not implemented: __itt_id_destroy_ex
245250 : 0x2036486f25ba1f : 2 : ittapi_config_apply_per_lib :  ITTAPI function NOT instrumented (not matched by --itt-config option): __itt_task_begin_ex

245250 : 0x2036486f25cc67 : 2 : ittapi_config_apply_per_lib :  ITTAPI function NOT instrumented (not matched by --itt-config option): __itt_task_begin_fn_ex

245250 : 0x2036486f25dddf : 2 : ittapi_config_apply_per_lib :  ITTAPI function NOT instrumented (not matched by --itt-config option): __itt_task_end_ex

245250 : 0x2036486f25eebb : 2 : ittapi_config_apply_per_lib :  ITTAPI function NOT instrumented (not matched by --itt-config option): __itt_task_begin_overlapped

245250 : 0x2036486f25ff97 : 2 : ittapi_config_apply_per_lib :  ITTAPI function NOT instrumented (not matched by --itt-config option): __itt_task_begin_overlapped_ex

245250 : 0x2036486f261032 : 2 : ittapi_config_apply_per_lib :  ITTAPI function NOT instrumented (not matched by --itt-config option): __itt_task_end_overlapped

245250 : 0x2036486f26e3da : 2 : ittapi_config_apply_per_lib :  ITTAPI function NOT instrumented (not matched by --itt-config option): __itt_task_end_overlapped_ex

245250 : 0x2036486f2725de : 2 : ittapi_config_apply_per_lib :  ITTAPI function not implemented: __itt_marker_ex
245250 : 0x2036486f2750fb : 2 : ittapi_config_apply_per_lib :  ITTAPI function not implemented: __itt_metadata_add_with_scope
245250 : 0x2036486f277b62 : 2 : ittapi_config_apply_per_lib :  ITTAPI function not implemented: __itt_metadata_str_add_with_scope
245250 : 0x2036486f27a79d : 2 : ittapi_config_apply_per_lib :  ITTAPI function not implemented: __itt_relation_add_to_current_ex
245250 : 0x2036486f27ce9d : 2 : ittapi_config_apply_per_lib :  ITTAPI function not implemented: __itt_relation_add_ex
245250 : 0x2036486f27f646 : 2 : ittapi_config_apply_per_lib :  ITTAPI function not implemented: __itt_track_group_create
245250 : 0x2036486f281b0a : 2 : ittapi_config_apply_per_lib :  ITTAPI function not implemented: __itt_track_create
245250 : 0x2036486f284002 : 2 : ittapi_config_apply_per_lib :  ITTAPI function not implemented: __itt_set_track
245250 : 0x2036486f28611e : 2 : ittapi_config_apply_per_lib :  ITTAPI function instrumented: __itt_api_version
245250 : 0x2036486f290a45 : 2 : ittapi_config_apply_per_lib :  ITTAPI function not implemented: __itt_av_save